## Module report - date 24/6/2009-01:20:21
## Created by PcbNew version PCBNEW (2007-11-29-a)
## Unit = inches, Angle = deg.
##

$BeginDESCRIPTION

$BOARD
unit INCH
upper_left_corner  1.742400  2.692500
lower_right_corner  8.085000  5.357600
$EndBOARD

$MODULE "RV2_3"
reference "RV2_3"
value "10k"
footprint "rcl-RTRIM3296W"
attribut virtual
position  6.550000  3.100000
orientation  90.00
layer component
$SHAPE3D
Na "pot_b64y.wrl"
Sc 1.000000 1.000000 0.700000
Of 0.000000 0.000000 0.000000
Ro 0.000000 0.000000 90.000000
$EndSHAPE3D
$PAD "1"
position  0.000000  0.100000
size  0.044000  0.044000
drill  0.024000
shape_offset  0.000000  0.000000
orientation  0.00
Shape  Circ
Layer  all
$EndPAD
$PAD "2"
position  0.000000  0.000000
size  0.044000  0.044000
drill  0.024000
shape_offset  0.000000  0.000000
orientation  0.00
Shape  Circ
Layer  all
$EndPAD
$PAD "3"
position  0.000000 -0.100000
size  0.044000  0.044000
drill  0.024000
shape_offset  0.000000  0.000000
orientation  0.00
Shape  Circ
Layer  all
$EndPAD
$EndMODULE  R

$MODULE "D2_4"
reference "D2_4"
value "1n4148"
footprint "D4"
attribut none
position  7.300000  4.300000
orientation  90.00
layer component
$SHAPE3D
Na "discret/diode.wrl"
Sc 0.400000 0.400000 0.400000
Of 0.000000 0.000000 0.000000
Ro 0.000000 0.000000 0.000000
$EndSHAPE3D
$PAD "1"
position -0.200000  0.000000
size  0.070000  0.070000
drill  0.040000
shape_offset  0.000000  0.000000
orientation  0.00
Shape  Circ
Layer  all
$EndPAD
$PAD "2"
position  0.200000  0.000000
size  0.070000  0.070000
drill  0.040000
shape_offset  0.000000  0.000000
orientation  0.00
Shape  Rect
Layer  all
$EndPAD
$EndMODULE  D

$MODULE "D2_3"
reference "D2_3"
value "1n4148"
footprint "D4"
attribut none
position  6.550000  4.300000
orientation  90.00
layer component
$SHAPE3D
Na "discret/diode.wrl"
Sc 0.400000 0.400000 0.400000
Of 0.000000 0.000000 0.000000
Ro 0.000000 0.000000 0.000000
$EndSHAPE3D
$PAD "1"
position -0.200000  0.000000
size  0.070000  0.070000
drill  0.040000
shape_offset  0.000000  0.000000
orientation  0.00
Shape  Circ
Layer  all
$EndPAD
$PAD "2"
position  0.200000  0.000000
size  0.070000  0.070000
drill  0.040000
shape_offset  0.000000  0.000000
orientation  0.00
Shape  Rect
Layer  all
$EndPAD
$EndMODULE  D

$MODULE "D2_2"
reference "D2_2"
value "1n4148"
footprint "D4"
attribut none
position  5.850000  4.250000
orientation  90.00
layer component
$SHAPE3D
Na "discret/diode.wrl"
Sc 0.400000 0.400000 0.400000
Of 0.000000 0.000000 0.000000
Ro 0.000000 0.000000 0.000000
$EndSHAPE3D
$PAD "1"
position -0.200000  0.000000
size  0.070000  0.070000
drill  0.040000
shape_offset  0.000000  0.000000
orientation  0.00
Shape  Circ
Layer  all
$EndPAD
$PAD "2"
position  0.200000  0.000000
size  0.070000  0.070000
drill  0.040000
shape_offset  0.000000  0.000000
orientation  0.00
Shape  Rect
Layer  all
$EndPAD
$EndMODULE  D

$MODULE "D2_1"
reference "D2_1"
value "1n4148"
footprint "D4"
attribut none
position  5.150000  4.300000
orientation  90.00
layer component
$SHAPE3D
Na "discret/diode.wrl"
Sc 0.400000 0.400000 0.400000
Of 0.000000 0.000000 0.000000
Ro 0.000000 0.000000 0.000000
$EndSHAPE3D
$PAD "1"
position -0.200000  0.000000
size  0.070000  0.070000
drill  0.040000
shape_offset  0.000000  0.000000
orientation  0.00
Shape  Circ
Layer  all
$EndPAD
$PAD "2"
position  0.200000  0.000000
size  0.070000  0.070000
drill  0.040000
shape_offset  0.000000  0.000000
orientation  0.00
Shape  Rect
Layer  all
$EndPAD
$EndMODULE  D

$MODULE "D1_4"
reference "D1_4"
value "1n4148"
footprint "D4"
attribut none
position  4.400000  4.300000
orientation  90.00
layer component
$SHAPE3D
Na "discret/diode.wrl"
Sc 0.400000 0.400000 0.400000
Of 0.000000 0.000000 0.000000
Ro 0.000000 0.000000 0.000000
$EndSHAPE3D
$PAD "1"
position -0.200000  0.000000
size  0.070000  0.070000
drill  0.040000
shape_offset  0.000000  0.000000
orientation  0.00
Shape  Circ
Layer  all
$EndPAD
$PAD "2"
position  0.200000  0.000000
size  0.070000  0.070000
drill  0.040000
shape_offset  0.000000  0.000000
orientation  0.00
Shape  Rect
Layer  all
$EndPAD
$EndMODULE  D

$MODULE "D1_3"
reference "D1_3"
value "1n4148"
footprint "D4"
attribut none
position  3.700000  4.350000
orientation  90.00
layer component
$SHAPE3D
Na "discret/diode.wrl"
Sc 0.400000 0.400000 0.400000
Of 0.000000 0.000000 0.000000
Ro 0.000000 0.000000 0.000000
$EndSHAPE3D
$PAD "1"
position -0.200000  0.000000
size  0.070000  0.070000
drill  0.040000
shape_offset  0.000000  0.000000
orientation  0.00
Shape  Circ
Layer  all
$EndPAD
$PAD "2"
position  0.200000  0.000000
size  0.070000  0.070000
drill  0.040000
shape_offset  0.000000  0.000000
orientation  0.00
Shape  Rect
Layer  all
$EndPAD
$EndMODULE  D

$MODULE "D1_2"
reference "D1_2"
value "1n4148"
footprint "D4"
attribut none
position  2.850000  4.300000
orientation  90.00
layer component
$SHAPE3D
Na "discret/diode.wrl"
Sc 0.400000 0.400000 0.400000
Of 0.000000 0.000000 0.000000
Ro 0.000000 0.000000 0.000000
$EndSHAPE3D
$PAD "1"
position -0.200000  0.000000
size  0.070000  0.070000
drill  0.040000
shape_offset  0.000000  0.000000
orientation  0.00
Shape  Circ
Layer  all
$EndPAD
$PAD "2"
position  0.200000  0.000000
size  0.070000  0.070000
drill  0.040000
shape_offset  0.000000  0.000000
orientation  0.00
Shape  Rect
Layer  all
$EndPAD
$EndMODULE  D

$MODULE "D1_1"
reference "D1_1"
value "1n4148"
footprint "D4"
attribut none
position  2.150000  4.300000
orientation  90.00
layer component
$SHAPE3D
Na "discret/diode.wrl"
Sc 0.400000 0.400000 0.400000
Of 0.000000 0.000000 0.000000
Ro 0.000000 0.000000 0.000000
$EndSHAPE3D
$PAD "1"
position -0.200000  0.000000
size  0.070000  0.070000
drill  0.040000
shape_offset  0.000000  0.000000
orientation  0.00
Shape  Circ
Layer  all
$EndPAD
$PAD "2"
position  0.200000  0.000000
size  0.070000  0.070000
drill  0.040000
shape_offset  0.000000  0.000000
orientation  0.00
Shape  Rect
Layer  all
$EndPAD
$EndMODULE  D

$MODULE "Motor2"
reference "Motor2"
value ""
footprint "PA_5x1"
attribut none
position  6.800000  5.000000
orientation  0.00
layer component
$SHAPE3D
Na "conec_trava_5pin.wrl"
Sc 1.000000 1.000000 1.000000
Of 0.300000 -0.100000 0.000000
Ro 0.000000 0.000000 0.000000
$EndSHAPE3D
$PAD "1"
position  0.100000  0.100000
size  0.060000  0.060000
drill  0.040000
shape_offset  0.000000  0.000000
orientation  0.00
Shape  Rect
Layer  all
$EndPAD
$PAD "2"
position  0.200000  0.100000
size  0.060000  0.060000
drill  0.040000
shape_offset  0.000000  0.000000
orientation  0.00
Shape  Circ
Layer  all
$EndPAD
$PAD "3"
position  0.300000  0.100000
size  0.060000  0.060000
drill  0.040000
shape_offset  0.000000  0.000000
orientation  0.00
Shape  Circ
Layer  all
$EndPAD
$PAD "4"
position  0.400000  0.100000
size  0.060000  0.060000
drill  0.040000
shape_offset  0.000000  0.000000
orientation  0.00
Shape  Circ
Layer  all
$EndPAD
$PAD "5"
position  0.500000  0.100000
size  0.060000  0.060000
drill  0.040000
shape_offset  0.000000  0.000000
orientation  0.00
Shape  Circ
Layer  all
$EndPAD
$EndMODULE  M

$MODULE "Motor1"
reference "Motor1"
value ""
footprint "PA_5x1"
attribut none
position  3.350000  5.000000
orientation  0.00
layer component
$SHAPE3D
Na "conec_trava_5pin.wrl"
Sc 1.000000 1.000000 1.000000
Of 0.300000 -0.100000 0.000000
Ro 0.000000 0.000000 0.000000
$EndSHAPE3D
$PAD "1"
position  0.100000  0.100000
size  0.060000  0.060000
drill  0.040000
shape_offset  0.000000  0.000000
orientation  0.00
Shape  Rect
Layer  all
$EndPAD
$PAD "2"
position  0.200000  0.100000
size  0.060000  0.060000
drill  0.040000
shape_offset  0.000000  0.000000
orientation  0.00
Shape  Circ
Layer  all
$EndPAD
$PAD "3"
position  0.300000  0.100000
size  0.060000  0.060000
drill  0.040000
shape_offset  0.000000  0.000000
orientation  0.00
Shape  Circ
Layer  all
$EndPAD
$PAD "4"
position  0.400000  0.100000
size  0.060000  0.060000
drill  0.040000
shape_offset  0.000000  0.000000
orientation  0.00
Shape  Circ
Layer  all
$EndPAD
$PAD "5"
position  0.500000  0.100000
size  0.060000  0.060000
drill  0.040000
shape_offset  0.000000  0.000000
orientation  0.00
Shape  Circ
Layer  all
$EndPAD
$EndMODULE  M

$MODULE "Entradas"
reference "Entradas"
value ""
footprint "PA_9x1"
attribut none
position  3.100000  5.150000
orientation  180.00
layer component
$SHAPE3D
Na "conec_trava_9pin.wrl"
Sc 1.000000 1.000000 1.000000
Of 0.500000 -0.100000 0.000000
Ro 0.000000 0.000000 0.000000
$EndSHAPE3D
$PAD "1"
position  0.100000  0.100000
size  0.060000  0.060000
drill  0.040000
shape_offset  0.000000  0.000000
orientation  0.00
Shape  Rect
Layer  all
$EndPAD
$PAD "2"
position  0.200000  0.100000
size  0.060000  0.060000
drill  0.040000
shape_offset  0.000000  0.000000
orientation  0.00
Shape  Circ
Layer  all
$EndPAD
$PAD "3"
position  0.300000  0.100000
size  0.060000  0.060000
drill  0.040000
shape_offset  0.000000  0.000000
orientation  0.00
Shape  Circ
Layer  all
$EndPAD
$PAD "4"
position  0.400000  0.100000
size  0.060000  0.060000
drill  0.040000
shape_offset  0.000000  0.000000
orientation  0.00
Shape  Circ
Layer  all
$EndPAD
$PAD "5"
position  0.500000  0.100000
size  0.060000  0.060000
drill  0.040000
shape_offset  0.000000  0.000000
orientation  0.00
Shape  Circ
Layer  all
$EndPAD
$PAD "6"
position  0.600000  0.100000
size  0.060000  0.060000
drill  0.040000
shape_offset  0.000000  0.000000
orientation  0.00
Shape  Circ
Layer  all
$EndPAD
$PAD "7"
position  0.700000  0.100000
size  0.060000  0.060000
drill  0.040000
shape_offset  0.000000  0.000000
orientation  0.00
Shape  Circ
Layer  all
$EndPAD
$PAD "8"
position  0.800000  0.100000
size  0.060000  0.060000
drill  0.040000
shape_offset  0.000000  0.000000
orientation  0.00
Shape  Circ
Layer  all
$EndPAD
$PAD "9"
position  0.900000  0.100000
size  0.060000  0.060000
drill  0.040000
shape_offset  0.000000  0.000000
orientation  0.00
Shape  Circ
Layer  all
$EndPAD
$EndMODULE  E

$MODULE ""
reference ""
value "ALIM"
footprint "PIN_ARRAY_3X1"
attribut none
position  6.850000  3.900000
orientation  180.00
layer component
$SHAPE3D
Na "conec_trava_3pin.wrl"
Sc 1.000000 1.000000 1.000000
Of 0.000000 0.000000 0.000000
Ro 0.000000 0.000000 0.000000
$EndSHAPE3D
$PAD "1"
position -0.100000  0.000000
size  0.060000  0.060000
drill  0.032000
shape_offset  0.000000  0.000000
orientation  0.00
Shape  Circ
Layer  all
$EndPAD
$PAD "2"
position  0.000000  0.000000
size  0.060000  0.060000
drill  0.040000
shape_offset  0.000000  0.000000
orientation  0.00
Shape  Circ
Layer  all
$EndPAD
$PAD "3"
position  0.100000  0.000000
size  0.060000  0.060000
drill  0.040000
shape_offset  0.000000  0.000000
orientation  0.00
Shape  Circ
Layer  all
$EndPAD
$EndMODULE  

$MODULE "RP2_34"
reference "RP2_34"
value ""
footprint "R4"
attribut none
position  6.850000  3.300000
orientation  90.00
layer component
$SHAPE3D
Na "discret/resistor.wrl"
Sc 0.400000 0.400000 0.400000
Of 0.000000 0.000000 0.000000
Ro 0.000000 0.000000 0.000000
$EndSHAPE3D
$PAD "1"
position -0.200000  0.000000
size  0.060000  0.060000
drill  0.032000
shape_offset  0.000000  0.000000
orientation  0.00
Shape  Circ
Layer  all
$EndPAD
$PAD "2"
position  0.200000  0.000000
size  0.060000  0.060000
drill  0.032000
shape_offset  0.000000  0.000000
orientation  0.00
Shape  Circ
Layer  all
$EndPAD
$EndMODULE  R

$MODULE "RP2_12"
reference "RP2_12"
value "1k"
footprint "R4"
attribut none
position  6.150000  3.300000
orientation  90.00
layer component
$SHAPE3D
Na "discret/resistor.wrl"
Sc 0.400000 0.400000 0.400000
Of 0.000000 0.000000 0.000000
Ro 0.000000 0.000000 0.000000
$EndSHAPE3D
$PAD "1"
position -0.200000  0.000000
size  0.060000  0.060000
drill  0.032000
shape_offset  0.000000  0.000000
orientation  0.00
Shape  Circ
Layer  all
$EndPAD
$PAD "2"
position  0.200000  0.000000
size  0.060000  0.060000
drill  0.032000
shape_offset  0.000000  0.000000
orientation  0.00
Shape  Circ
Layer  all
$EndPAD
$EndMODULE  R

$MODULE "RP1_34"
reference "RP1_34"
value ""
footprint "R4"
attribut none
position  4.500000  3.600000
orientation  90.00
layer component
$SHAPE3D
Na "discret/resistor.wrl"
Sc 0.400000 0.400000 0.400000
Of 0.000000 0.000000 0.000000
Ro 0.000000 0.000000 0.000000
$EndSHAPE3D
$PAD "1"
position -0.200000  0.000000
size  0.060000  0.060000
drill  0.032000
shape_offset  0.000000  0.000000
orientation  0.00
Shape  Circ
Layer  all
$EndPAD
$PAD "2"
position  0.200000  0.000000
size  0.060000  0.060000
drill  0.032000
shape_offset  0.000000  0.000000
orientation  0.00
Shape  Circ
Layer  all
$EndPAD
$EndMODULE  R

$MODULE "RP1_12"
reference "RP1_12"
value ""
footprint "R4"
attribut none
position  2.250000  3.800000
orientation  90.00
layer component
$SHAPE3D
Na "discret/resistor.wrl"
Sc 0.400000 0.400000 0.400000
Of 0.000000 0.000000 0.000000
Ro 0.000000 0.000000 0.000000
$EndSHAPE3D
$PAD "1"
position -0.200000  0.000000
size  0.060000  0.060000
drill  0.032000
shape_offset  0.000000  0.000000
orientation  0.00
Shape  Circ
Layer  all
$EndPAD
$PAD "2"
position  0.200000  0.000000
size  0.060000  0.060000
drill  0.032000
shape_offset  0.000000  0.000000
orientation  0.00
Shape  Circ
Layer  all
$EndPAD
$EndMODULE  R

$MODULE "RB2_4"
reference "RB2_4"
value ""
footprint "R4"
attribut none
position  7.200000  3.900000
orientation  90.00
layer component
$SHAPE3D
Na "discret/resistor.wrl"
Sc 0.400000 0.400000 0.400000
Of 0.000000 0.000000 0.000000
Ro 0.000000 0.000000 0.000000
$EndSHAPE3D
$PAD "1"
position -0.200000  0.000000
size  0.060000  0.060000
drill  0.032000
shape_offset  0.000000  0.000000
orientation  0.00
Shape  Circ
Layer  all
$EndPAD
$PAD "2"
position  0.200000  0.000000
size  0.060000  0.060000
drill  0.032000
shape_offset  0.000000  0.000000
orientation  0.00
Shape  Circ
Layer  all
$EndPAD
$EndMODULE  R

$MODULE "RB2_3"
reference "RB2_3"
value ""
footprint "R4"
attribut none
position  6.450000  3.900000
orientation  90.00
layer component
$SHAPE3D
Na "discret/resistor.wrl"
Sc 0.400000 0.400000 0.400000
Of 0.000000 0.000000 0.000000
Ro 0.000000 0.000000 0.000000
$EndSHAPE3D
$PAD "1"
position -0.200000  0.000000
size  0.060000  0.060000
drill  0.032000
shape_offset  0.000000  0.000000
orientation  0.00
Shape  Circ
Layer  all
$EndPAD
$PAD "2"
position  0.200000  0.000000
size  0.060000  0.060000
drill  0.032000
shape_offset  0.000000  0.000000
orientation  0.00
Shape  Circ
Layer  all
$EndPAD
$EndMODULE  R

$MODULE "RB2_2"
reference "RB2_2"
value ""
footprint "R4"
attribut none
position  5.750000  3.850000
orientation  90.00
layer component
$SHAPE3D
Na "discret/resistor.wrl"
Sc 0.400000 0.400000 0.400000
Of 0.000000 0.000000 0.000000
Ro 0.000000 0.000000 0.000000
$EndSHAPE3D
$PAD "1"
position -0.200000  0.000000
size  0.060000  0.060000
drill  0.032000
shape_offset  0.000000  0.000000
orientation  0.00
Shape  Circ
Layer  all
$EndPAD
$PAD "2"
position  0.200000  0.000000
size  0.060000  0.060000
drill  0.032000
shape_offset  0.000000  0.000000
orientation  0.00
Shape  Circ
Layer  all
$EndPAD
$EndMODULE  R

$MODULE "RB1_4"
reference "RB1_4"
value ""
footprint "R4"
attribut none
position  4.300000  3.900000
orientation  90.00
layer component
$SHAPE3D
Na "discret/resistor.wrl"
Sc 0.400000 0.400000 0.400000
Of 0.000000 0.000000 0.000000
Ro 0.000000 0.000000 0.000000
$EndSHAPE3D
$PAD "1"
position -0.200000  0.000000
size  0.060000  0.060000
drill  0.032000
shape_offset  0.000000  0.000000
orientation  0.00
Shape  Circ
Layer  all
$EndPAD
$PAD "2"
position  0.200000  0.000000
size  0.060000  0.060000
drill  0.032000
shape_offset  0.000000  0.000000
orientation  0.00
Shape  Circ
Layer  all
$EndPAD
$EndMODULE  R

$MODULE "RB1_3"
reference "RB1_3"
value ""
footprint "R4"
attribut none
position  3.600000  3.950000
orientation  90.00
layer component
$SHAPE3D
Na "discret/resistor.wrl"
Sc 0.400000 0.400000 0.400000
Of 0.000000 0.000000 0.000000
Ro 0.000000 0.000000 0.000000
$EndSHAPE3D
$PAD "1"
position -0.200000  0.000000
size  0.060000  0.060000
drill  0.032000
shape_offset  0.000000  0.000000
orientation  0.00
Shape  Circ
Layer  all
$EndPAD
$PAD "2"
position  0.200000  0.000000
size  0.060000  0.060000
drill  0.032000
shape_offset  0.000000  0.000000
orientation  0.00
Shape  Circ
Layer  all
$EndPAD
$EndMODULE  R

$MODULE "RB1_2"
reference "RB1_2"
value ""
footprint "R4"
attribut none
position  2.750000  3.900000
orientation  90.00
layer component
$SHAPE3D
Na "discret/resistor.wrl"
Sc 0.400000 0.400000 0.400000
Of 0.000000 0.000000 0.000000
Ro 0.000000 0.000000 0.000000
$EndSHAPE3D
$PAD "1"
position -0.200000  0.000000
size  0.060000  0.060000
drill  0.032000
shape_offset  0.000000  0.000000
orientation  0.00
Shape  Circ
Layer  all
$EndPAD
$PAD "2"
position  0.200000  0.000000
size  0.060000  0.060000
drill  0.032000
shape_offset  0.000000  0.000000
orientation  0.00
Shape  Circ
Layer  all
$EndPAD
$EndMODULE  R

$MODULE "RB1_1"
reference "RB1_1"
value ""
footprint "R4"
attribut none
position  2.050000  3.900000
orientation  90.00
layer component
$SHAPE3D
Na "discret/resistor.wrl"
Sc 0.400000 0.400000 0.400000
Of 0.000000 0.000000 0.000000
Ro 0.000000 0.000000 0.000000
$EndSHAPE3D
$PAD "1"
position -0.200000  0.000000
size  0.060000  0.060000
drill  0.032000
shape_offset  0.000000  0.000000
orientation  0.00
Shape  Circ
Layer  all
$EndPAD
$PAD "2"
position  0.200000  0.000000
size  0.060000  0.060000
drill  0.032000
shape_offset  0.000000  0.000000
orientation  0.00
Shape  Circ
Layer  all
$EndPAD
$EndMODULE  R

$MODULE "R2_1"
reference "R2_1"
value ""
footprint "R4"
attribut none
position  5.050000  3.900000
orientation  90.00
layer component
$SHAPE3D
Na "discret/resistor.wrl"
Sc 0.400000 0.400000 0.400000
Of 0.000000 0.000000 0.000000
Ro 0.000000 0.000000 0.000000
$EndSHAPE3D
$PAD "1"
position -0.200000  0.000000
size  0.060000  0.060000
drill  0.032000
shape_offset  0.000000  0.000000
orientation  0.00
Shape  Circ
Layer  all
$EndPAD
$PAD "2"
position  0.200000  0.000000
size  0.060000  0.060000
drill  0.032000
shape_offset  0.000000  0.000000
orientation  0.00
Shape  Circ
Layer  all
$EndPAD
$EndMODULE  R

$MODULE "R2_34"
reference "R2_34"
value ""
footprint "R6"
attribut none
position  7.750000  3.200000
orientation  270.00
layer component
$SHAPE3D
Na "discret/resistor.wrl"
Sc 0.600000 0.600000 0.600000
Of 0.000000 0.000000 0.000000
Ro 0.000000 0.000000 0.000000
$EndSHAPE3D
$PAD "1"
position -0.300000  0.000000
size  0.070000  0.070000
drill  0.045000
shape_offset  0.000000  0.000000
orientation  0.00
Shape  Circ
Layer  all
$EndPAD
$PAD "2"
position  0.300000  0.000000
size  0.070000  0.070000
drill  0.045000
shape_offset  0.000000  0.000000
orientation  0.00
Shape  Circ
Layer  all
$EndPAD
$EndMODULE  R

$MODULE "R2_12"
reference "R2_12"
value "1"
footprint "R6"
attribut none
position  4.600000  3.300000
orientation  180.00
layer component
$SHAPE3D
Na "discret/resistor.wrl"
Sc 0.600000 0.600000 0.600000
Of 0.000000 0.000000 0.000000
Ro 0.000000 0.000000 0.000000
$EndSHAPE3D
$PAD "1"
position -0.300000  0.000000
size  0.070000  0.070000
drill  0.045000
shape_offset  0.000000  0.000000
orientation  0.00
Shape  Circ
Layer  all
$EndPAD
$PAD "2"
position  0.300000  0.000000
size  0.070000  0.070000
drill  0.045000
shape_offset  0.000000  0.000000
orientation  0.00
Shape  Circ
Layer  all
$EndPAD
$EndMODULE  R

$MODULE "R1_34"
reference "R1_34"
value ""
footprint "R6"
attribut none
position  3.150000  3.400000
orientation  180.00
layer component
$SHAPE3D
Na "discret/resistor.wrl"
Sc 0.600000 0.600000 0.600000
Of 0.000000 0.000000 0.000000
Ro 0.000000 0.000000 0.000000
$EndSHAPE3D
$PAD "1"
position -0.300000  0.000000
size  0.070000  0.070000
drill  0.045000
shape_offset  0.000000  0.000000
orientation  0.00
Shape  Circ
Layer  all
$EndPAD
$PAD "2"
position  0.300000  0.000000
size  0.070000  0.070000
drill  0.045000
shape_offset  0.000000  0.000000
orientation  0.00
Shape  Circ
Layer  all
$EndPAD
$EndMODULE  R

$MODULE "R1_12"
reference "R1_12"
value ""
footprint "R6"
attribut none
position  2.350000  3.250000
orientation  180.00
layer component
$SHAPE3D
Na "discret/resistor.wrl"
Sc 0.600000 0.600000 0.600000
Of 0.000000 0.000000 0.000000
Ro 0.000000 0.000000 0.000000
$EndSHAPE3D
$PAD "1"
position -0.300000  0.000000
size  0.070000  0.070000
drill  0.045000
shape_offset  0.000000  0.000000
orientation  0.00
Shape  Circ
Layer  all
$EndPAD
$PAD "2"
position  0.300000  0.000000
size  0.060000  0.060000
drill  0.032000
shape_offset  0.000000  0.000000
orientation  0.00
Shape  Circ
Layer  all
$EndPAD
$EndMODULE  R

$MODULE "RV2_4"
reference "RV2_4"
value ""
footprint "rcl-RTRIM3296W"
attribut virtual
position  7.300000  3.100000
orientation  90.00
layer component
$SHAPE3D
Na "pot_b64y.wrl"
Sc 1.000000 1.000000 0.700000
Of 0.000000 0.000000 0.000000
Ro 0.000000 0.000000 90.000000
$EndSHAPE3D
$PAD "1"
position  0.000000  0.100000
size  0.044000  0.044000
drill  0.024000
shape_offset  0.000000  0.000000
orientation  0.00
Shape  Circ
Layer  all
$EndPAD
$PAD "2"
position  0.000000  0.000000
size  0.044000  0.044000
drill  0.024000
shape_offset  0.000000  0.000000
orientation  0.00
Shape  Circ
Layer  all
$EndPAD
$PAD "3"
position  0.000000 -0.100000
size  0.044000  0.044000
drill  0.024000
shape_offset  0.000000  0.000000
orientation  0.00
Shape  Circ
Layer  all
$EndPAD
$EndMODULE  R

$MODULE "RV2_2"
reference "RV2_2"
value "10k"
footprint "rcl-RTRIM3296W"
attribut virtual
position  5.850000  3.100000
orientation  90.00
layer component
$SHAPE3D
Na "pot_b64y.wrl"
Sc 1.000000 1.000000 0.700000
Of 0.000000 0.000000 0.000000
Ro 0.000000 0.000000 90.000000
$EndSHAPE3D
$PAD "1"
position  0.000000  0.100000
size  0.044000  0.044000
drill  0.024000
shape_offset  0.000000  0.000000
orientation  0.00
Shape  Circ
Layer  all
$EndPAD
$PAD "2"
position  0.000000  0.000000
size  0.044000  0.044000
drill  0.024000
shape_offset  0.000000  0.000000
orientation  0.00
Shape  Circ
Layer  all
$EndPAD
$PAD "3"
position  0.000000 -0.100000
size  0.044000  0.044000
drill  0.024000
shape_offset  0.000000  0.000000
orientation  0.00
Shape  Circ
Layer  all
$EndPAD
$EndMODULE  R

$MODULE "RV2_1"
reference "RV2_1"
value "10k"
footprint "rcl-RTRIM3296W"
attribut virtual
position  5.150000  3.100000
orientation  90.00
layer component
$SHAPE3D
Na "pot_b64y.wrl"
Sc 1.000000 1.000000 0.700000
Of 0.000000 0.000000 0.000000
Ro 0.000000 0.000000 90.000000
$EndSHAPE3D
$PAD "1"
position  0.000000  0.100000
size  0.044000  0.044000
drill  0.024000
shape_offset  0.000000  0.000000
orientation  0.00
Shape  Circ
Layer  all
$EndPAD
$PAD "2"
position  0.000000  0.000000
size  0.044000  0.044000
drill  0.024000
shape_offset  0.000000  0.000000
orientation  0.00
Shape  Circ
Layer  all
$EndPAD
$PAD "3"
position  0.000000 -0.100000
size  0.044000  0.044000
drill  0.024000
shape_offset  0.000000  0.000000
orientation  0.00
Shape  Circ
Layer  all
$EndPAD
$EndMODULE  R

$MODULE "RV1_4"
reference "RV1_4"
value "10k"
footprint "rcl-RTRIM3296W"
attribut virtual
position  4.400000  3.100000
orientation  90.00
layer component
$SHAPE3D
Na "pot_b64y.wrl"
Sc 1.000000 1.000000 0.700000
Of 0.000000 0.000000 0.000000
Ro 0.000000 0.000000 90.000000
$EndSHAPE3D
$PAD "1"
position  0.000000  0.100000
size  0.044000  0.044000
drill  0.024000
shape_offset  0.000000  0.000000
orientation  0.00
Shape  Circ
Layer  all
$EndPAD
$PAD "2"
position  0.000000  0.000000
size  0.044000  0.044000
drill  0.024000
shape_offset  0.000000  0.000000
orientation  0.00
Shape  Circ
Layer  all
$EndPAD
$PAD "3"
position  0.000000 -0.100000
size  0.044000  0.044000
drill  0.024000
shape_offset  0.000000  0.000000
orientation  0.00
Shape  Circ
Layer  all
$EndPAD
$EndMODULE  R

$MODULE "RV1_3"
reference "RV1_3"
value "10k"
footprint "rcl-RTRIM3296W"
attribut virtual
position  3.700000  3.100000
orientation  90.00
layer component
$SHAPE3D
Na "pot_b64y.wrl"
Sc 1.000000 1.000000 0.700000
Of 0.000000 0.000000 0.000000
Ro 0.000000 0.000000 90.000000
$EndSHAPE3D
$PAD "1"
position  0.000000  0.100000
size  0.044000  0.044000
drill  0.024000
shape_offset  0.000000  0.000000
orientation  0.00
Shape  Circ
Layer  all
$EndPAD
$PAD "2"
position  0.000000  0.000000
size  0.044000  0.044000
drill  0.024000
shape_offset  0.000000  0.000000
orientation  0.00
Shape  Circ
Layer  all
$EndPAD
$PAD "3"
position  0.000000 -0.100000
size  0.044000  0.044000
drill  0.024000
shape_offset  0.000000  0.000000
orientation  0.00
Shape  Circ
Layer  all
$EndPAD
$EndMODULE  R

$MODULE "RV1_2"
reference "RV1_2"
value ""
footprint "rcl-RTRIM3296W"
attribut virtual
position  2.900000  3.100000
orientation  90.00
layer component
$SHAPE3D
Na "pot_b64y.wrl"
Sc 1.000000 1.000000 0.700000
Of 0.000000 0.000000 0.000000
Ro 0.000000 0.000000 90.000000
$EndSHAPE3D
$PAD "1"
position  0.000000  0.100000
size  0.044000  0.044000
drill  0.024000
shape_offset  0.000000  0.000000
orientation  0.00
Shape  Circ
Layer  all
$EndPAD
$PAD "2"
position  0.000000  0.000000
size  0.044000  0.044000
drill  0.024000
shape_offset  0.000000  0.000000
orientation  0.00
Shape  Circ
Layer  all
$EndPAD
$PAD "3"
position  0.000000 -0.100000
size  0.044000  0.044000
drill  0.024000
shape_offset  0.000000  0.000000
orientation  0.00
Shape  Circ
Layer  all
$EndPAD
$EndMODULE  R

$MODULE "RV1_1"
reference "RV1_1"
value ""
footprint "rcl-RTRIM3296W"
attribut virtual
position  2.150000  3.100000
orientation  90.00
layer component
$SHAPE3D
Na "pot_b64y.wrl"
Sc 1.000000 1.000000 0.700000
Of 0.000000 0.000000 0.000000
Ro 0.000000 0.000000 90.000000
$EndSHAPE3D
$PAD "1"
position  0.000000  0.100000
size  0.044000  0.044000
drill  0.024000
shape_offset  0.000000  0.000000
orientation  0.00
Shape  Circ
Layer  all
$EndPAD
$PAD "2"
position  0.000000  0.000000
size  0.044000  0.044000
drill  0.024000
shape_offset  0.000000  0.000000
orientation  0.00
Shape  Circ
Layer  all
$EndPAD
$PAD "3"
position  0.000000 -0.100000
size  0.044000  0.044000
drill  0.024000
shape_offset  0.000000  0.000000
orientation  0.00
Shape  Circ
Layer  all
$EndPAD
$EndMODULE  R

$MODULE "QD2_4"
reference "QD2_4"
value "TIP122"
footprint "TO220_VERT"
attribut none
position  7.400000  2.900000
orientation  90.00
layer component
$SHAPE3D
Na "to220_vertical.wrl"
Sc 1.000000 1.000000 1.000000
Of 0.000000 0.000000 0.000000
Ro 0.000000 0.000000 0.000000
$EndSHAPE3D
$SHAPE3D
Na "dissip2.wrl"
Sc 1.000000 1.000000 1.000000
Of 0.000000 0.000000 0.000000
Ro 0.000000 0.000000 0.000000
$EndSHAPE3D
$SHAPE3D
Na "parafuso_philips.wrl"
Sc 1.000000 1.000000 1.000000
Of 0.100000 0.000000 0.650000
Ro 0.000000 90.000000 0.000000
$EndSHAPE3D
$PAD "2"
position  0.000000 -0.100000
size  0.070000  0.070000
drill  0.040000
shape_offset  0.000000  0.000000
orientation  0.00
Shape  Circ
Layer  all
$EndPAD
$PAD "3"
position  0.000000  0.000000
size  0.070000  0.070000
drill  0.040000
shape_offset  0.000000  0.000000
orientation  0.00
Shape  Circ
Layer  all
$EndPAD
$PAD "1"
position  0.000000  0.100000
size  0.070000  0.070000
drill  0.040000
shape_offset  0.000000  0.000000
orientation  0.00
Shape  Rect
Layer  all
$EndPAD
$EndMODULE  Q

$MODULE "QD2_3"
reference "QD2_3"
value "TIP122"
footprint "TO220_VERT"
attribut none
position  6.650000  2.900000
orientation  90.00
layer component
$SHAPE3D
Na "to220_vertical.wrl"
Sc 1.000000 1.000000 1.000000
Of 0.000000 0.000000 0.000000
Ro 0.000000 0.000000 0.000000
$EndSHAPE3D
$SHAPE3D
Na "dissip2.wrl"
Sc 1.000000 1.000000 1.000000
Of 0.000000 0.000000 0.000000
Ro 0.000000 0.000000 0.000000
$EndSHAPE3D
$SHAPE3D
Na "parafuso_philips.wrl"
Sc 1.000000 1.000000 1.000000
Of 0.100000 0.000000 0.650000
Ro 0.000000 90.000000 0.000000
$EndSHAPE3D
$PAD "2"
position  0.000000 -0.100000
size  0.070000  0.070000
drill  0.040000
shape_offset  0.000000  0.000000
orientation  0.00
Shape  Circ
Layer  all
$EndPAD
$PAD "3"
position  0.000000  0.000000
size  0.070000  0.070000
drill  0.040000
shape_offset  0.000000  0.000000
orientation  0.00
Shape  Circ
Layer  all
$EndPAD
$PAD "1"
position  0.000000  0.100000
size  0.070000  0.070000
drill  0.040000
shape_offset  0.000000  0.000000
orientation  0.00
Shape  Rect
Layer  all
$EndPAD
$EndMODULE  Q

$MODULE "QD2_2"
reference "QD2_2"
value "TIP122"
footprint "TO220_VERT"
attribut none
position  5.950000  2.900000
orientation  90.00
layer component
$SHAPE3D
Na "to220_vertical.wrl"
Sc 1.000000 1.000000 1.000000
Of 0.000000 0.000000 0.000000
Ro 0.000000 0.000000 0.000000
$EndSHAPE3D
$SHAPE3D
Na "dissip2.wrl"
Sc 1.000000 1.000000 1.000000
Of 0.000000 0.000000 0.000000
Ro 0.000000 0.000000 0.000000
$EndSHAPE3D
$SHAPE3D
Na "parafuso_philips.wrl"
Sc 1.000000 1.000000 1.000000
Of 0.100000 0.000000 0.650000
Ro 0.000000 90.000000 0.000000
$EndSHAPE3D
$PAD "2"
position  0.000000 -0.100000
size  0.070000  0.070000
drill  0.040000
shape_offset  0.000000  0.000000
orientation  0.00
Shape  Circ
Layer  all
$EndPAD
$PAD "3"
position  0.000000  0.000000
size  0.070000  0.070000
drill  0.040000
shape_offset  0.000000  0.000000
orientation  0.00
Shape  Circ
Layer  all
$EndPAD
$PAD "1"
position  0.000000  0.100000
size  0.070000  0.070000
drill  0.040000
shape_offset  0.000000  0.000000
orientation  0.00
Shape  Rect
Layer  all
$EndPAD
$EndMODULE  Q

$MODULE "QD2_1"
reference "QD2_1"
value "TIP122"
footprint "TO220_VERT"
attribut none
position  5.250000  2.900000
orientation  90.00
layer component
$SHAPE3D
Na "to220_vertical.wrl"
Sc 1.000000 1.000000 1.000000
Of 0.000000 0.000000 0.000000
Ro 0.000000 0.000000 0.000000
$EndSHAPE3D
$SHAPE3D
Na "dissip2.wrl"
Sc 1.000000 1.000000 1.000000
Of 0.000000 0.000000 0.000000
Ro 0.000000 0.000000 0.000000
$EndSHAPE3D
$SHAPE3D
Na "parafuso_philips.wrl"
Sc 1.000000 1.000000 1.000000
Of 0.100000 0.000000 0.650000
Ro 0.000000 90.000000 0.000000
$EndSHAPE3D
$PAD "2"
position  0.000000 -0.100000
size  0.070000  0.070000
drill  0.040000
shape_offset  0.000000  0.000000
orientation  0.00
Shape  Circ
Layer  all
$EndPAD
$PAD "3"
position  0.000000  0.000000
size  0.070000  0.070000
drill  0.040000
shape_offset  0.000000  0.000000
orientation  0.00
Shape  Circ
Layer  all
$EndPAD
$PAD "1"
position  0.000000  0.100000
size  0.070000  0.070000
drill  0.040000
shape_offset  0.000000  0.000000
orientation  0.00
Shape  Rect
Layer  all
$EndPAD
$EndMODULE  Q

$MODULE "QD1_4"
reference "QD1_4"
value "TIP122"
footprint "TO220_VERT"
attribut none
position  4.500000  2.900000
orientation  90.00
layer component
$SHAPE3D
Na "to220_vertical.wrl"
Sc 1.000000 1.000000 1.000000
Of 0.000000 0.000000 0.000000
Ro 0.000000 0.000000 0.000000
$EndSHAPE3D
$SHAPE3D
Na "dissip2.wrl"
Sc 1.000000 1.000000 1.000000
Of 0.000000 0.000000 0.000000
Ro 0.000000 0.000000 0.000000
$EndSHAPE3D
$SHAPE3D
Na "parafuso_philips.wrl"
Sc 1.000000 1.000000 1.000000
Of 0.100000 0.000000 0.650000
Ro 0.000000 90.000000 0.000000
$EndSHAPE3D
$PAD "2"
position  0.000000 -0.100000
size  0.070000  0.070000
drill  0.040000
shape_offset  0.000000  0.000000
orientation  0.00
Shape  Circ
Layer  all
$EndPAD
$PAD "3"
position  0.000000  0.000000
size  0.070000  0.070000
drill  0.040000
shape_offset  0.000000  0.000000
orientation  0.00
Shape  Circ
Layer  all
$EndPAD
$PAD "1"
position  0.000000  0.100000
size  0.070000  0.070000
drill  0.040000
shape_offset  0.000000  0.000000
orientation  0.00
Shape  Rect
Layer  all
$EndPAD
$EndMODULE  Q

$MODULE "QD1_3"
reference "QD1_3"
value "TIP122"
footprint "TO220_VERT"
attribut none
position  3.750000  2.900000
orientation  90.00
layer component
$SHAPE3D
Na "to220_vertical.wrl"
Sc 1.000000 1.000000 1.000000
Of 0.000000 0.000000 0.000000
Ro 0.000000 0.000000 0.000000
$EndSHAPE3D
$SHAPE3D
Na "dissip2.wrl"
Sc 1.000000 1.000000 1.000000
Of 0.000000 0.000000 0.000000
Ro 0.000000 0.000000 0.000000
$EndSHAPE3D
$SHAPE3D
Na "parafuso_philips.wrl"
Sc 1.000000 1.000000 1.000000
Of 0.100000 0.000000 0.650000
Ro 0.000000 90.000000 0.000000
$EndSHAPE3D
$PAD "2"
position  0.000000 -0.100000
size  0.070000  0.070000
drill  0.040000
shape_offset  0.000000  0.000000
orientation  0.00
Shape  Circ
Layer  all
$EndPAD
$PAD "3"
position  0.000000  0.000000
size  0.070000  0.070000
drill  0.040000
shape_offset  0.000000  0.000000
orientation  0.00
Shape  Circ
Layer  all
$EndPAD
$PAD "1"
position  0.000000  0.100000
size  0.070000  0.070000
drill  0.040000
shape_offset  0.000000  0.000000
orientation  0.00
Shape  Rect
Layer  all
$EndPAD
$EndMODULE  Q

$MODULE "QD1_2"
reference "QD1_2"
value "TIP122"
footprint "TO220_VERT"
attribut none
position  3.000000  2.900000
orientation  90.00
layer component
$SHAPE3D
Na "to220_vertical.wrl"
Sc 1.000000 1.000000 1.000000
Of 0.000000 0.000000 0.000000
Ro 0.000000 0.000000 0.000000
$EndSHAPE3D
$SHAPE3D
Na "dissip2.wrl"
Sc 1.000000 1.000000 1.000000
Of 0.000000 0.000000 0.000000
Ro 0.000000 0.000000 0.000000
$EndSHAPE3D
$SHAPE3D
Na "parafuso_philips.wrl"
Sc 1.000000 1.000000 1.000000
Of 0.100000 0.000000 0.650000
Ro 0.000000 90.000000 0.000000
$EndSHAPE3D
$PAD "2"
position  0.000000 -0.100000
size  0.070000  0.070000
drill  0.040000
shape_offset  0.000000  0.000000
orientation  0.00
Shape  Circ
Layer  all
$EndPAD
$PAD "3"
position  0.000000  0.000000
size  0.070000  0.070000
drill  0.040000
shape_offset  0.000000  0.000000
orientation  0.00
Shape  Circ
Layer  all
$EndPAD
$PAD "1"
position  0.000000  0.100000
size  0.070000  0.070000
drill  0.040000
shape_offset  0.000000  0.000000
orientation  0.00
Shape  Rect
Layer  all
$EndPAD
$EndMODULE  Q

$MODULE "QD1_1"
reference "QD1_1"
value "TIP122"
footprint "TO220_VERT"
attribut none
position  2.250000  2.900000
orientation  90.00
layer component
$SHAPE3D
Na "to220_vertical.wrl"
Sc 1.000000 1.000000 1.000000
Of 0.000000 0.000000 0.000000
Ro 0.000000 0.000000 0.000000
$EndSHAPE3D
$SHAPE3D
Na "dissip2.wrl"
Sc 1.000000 1.000000 1.000000
Of 0.000000 0.000000 0.000000
Ro 0.000000 0.000000 0.000000
$EndSHAPE3D
$SHAPE3D
Na "parafuso_philips.wrl"
Sc 1.000000 1.000000 1.000000
Of 0.100000 0.000000 0.650000
Ro 0.000000 90.000000 0.000000
$EndSHAPE3D
$PAD "2"
position  0.000000 -0.100000
size  0.070000  0.070000
drill  0.040000
shape_offset  0.000000  0.000000
orientation  0.00
Shape  Circ
Layer  all
$EndPAD
$PAD "3"
position  0.000000  0.000000
size  0.070000  0.070000
drill  0.040000
shape_offset  0.000000  0.000000
orientation  0.00
Shape  Circ
Layer  all
$EndPAD
$PAD "1"
position  0.000000  0.100000
size  0.070000  0.070000
drill  0.040000
shape_offset  0.000000  0.000000
orientation  0.00
Shape  Rect
Layer  all
$EndPAD
$EndMODULE  Q

$MODULE "Q2_4"
reference "Q2_4"
value "BC337"
footprint "TO92"
attribut none
position  7.250000  3.500000
orientation  90.00
layer component
$SHAPE3D
Na "discret/to98.wrl"
Sc 1.000000 1.000000 1.000000
Of 0.000000 0.000000 0.000000
Ro 0.000000 0.000000 0.000000
$EndSHAPE3D
$PAD "1"
position  0.050000 -0.050000
size  0.055000  0.055000
drill  0.032000
shape_offset  0.000000  0.000000
orientation  0.00
Shape  Rect
Layer  all
$EndPAD
$PAD "2"
position -0.050000 -0.050000
size  0.055000  0.055000
drill  0.032000
shape_offset  0.000000  0.000000
orientation  0.00
Shape  Circ
Layer  all
$EndPAD
$PAD "3"
position -0.050000  0.050000
size  0.055000  0.055000
drill  0.032000
shape_offset  0.000000  0.000000
orientation  0.00
Shape  Circ
Layer  all
$EndPAD
$EndMODULE  Q

$MODULE "Q2_3"
reference "Q2_3"
value "BC337"
footprint "TO92"
attribut none
position  6.500000  3.500000
orientation  90.00
layer component
$SHAPE3D
Na "discret/to98.wrl"
Sc 1.000000 1.000000 1.000000
Of 0.000000 0.000000 0.000000
Ro 0.000000 0.000000 0.000000
$EndSHAPE3D
$PAD "1"
position  0.050000 -0.050000
size  0.055000  0.055000
drill  0.032000
shape_offset  0.000000  0.000000
orientation  0.00
Shape  Rect
Layer  all
$EndPAD
$PAD "2"
position -0.050000 -0.050000
size  0.055000  0.055000
drill  0.032000
shape_offset  0.000000  0.000000
orientation  0.00
Shape  Circ
Layer  all
$EndPAD
$PAD "3"
position -0.050000  0.050000
size  0.055000  0.055000
drill  0.032000
shape_offset  0.000000  0.000000
orientation  0.00
Shape  Circ
Layer  all
$EndPAD
$EndMODULE  Q

$MODULE "Q2_2"
reference "Q2_2"
value "BC337"
footprint "TO92"
attribut none
position  5.800000  3.450000
orientation  90.00
layer component
$SHAPE3D
Na "discret/to98.wrl"
Sc 1.000000 1.000000 1.000000
Of 0.000000 0.000000 0.000000
Ro 0.000000 0.000000 0.000000
$EndSHAPE3D
$PAD "1"
position  0.050000 -0.050000
size  0.055000  0.055000
drill  0.032000
shape_offset  0.000000  0.000000
orientation  0.00
Shape  Rect
Layer  all
$EndPAD
$PAD "2"
position -0.050000 -0.050000
size  0.055000  0.055000
drill  0.032000
shape_offset  0.000000  0.000000
orientation  0.00
Shape  Circ
Layer  all
$EndPAD
$PAD "3"
position -0.050000  0.050000
size  0.055000  0.055000
drill  0.032000
shape_offset  0.000000  0.000000
orientation  0.00
Shape  Circ
Layer  all
$EndPAD
$EndMODULE  Q

$MODULE "Q2_1"
reference "Q2_1"
value "BC337"
footprint "TO92"
attribut none
position  5.100000  3.500000
orientation  90.00
layer component
$SHAPE3D
Na "discret/to98.wrl"
Sc 1.000000 1.000000 1.000000
Of 0.000000 0.000000 0.000000
Ro 0.000000 0.000000 0.000000
$EndSHAPE3D
$PAD "1"
position  0.050000 -0.050000
size  0.055000  0.055000
drill  0.032000
shape_offset  0.000000  0.000000
orientation  0.00
Shape  Rect
Layer  all
$EndPAD
$PAD "2"
position -0.050000 -0.050000
size  0.055000  0.055000
drill  0.032000
shape_offset  0.000000  0.000000
orientation  0.00
Shape  Circ
Layer  all
$EndPAD
$PAD "3"
position -0.050000  0.050000
size  0.055000  0.055000
drill  0.032000
shape_offset  0.000000  0.000000
orientation  0.00
Shape  Circ
Layer  all
$EndPAD
$EndMODULE  Q

$MODULE "Q1_4"
reference "Q1_4"
value "BC337"
footprint "TO92"
attribut none
position  4.350000  3.500000
orientation  90.00
layer component
$SHAPE3D
Na "discret/to98.wrl"
Sc 1.000000 1.000000 1.000000
Of 0.000000 0.000000 0.000000
Ro 0.000000 0.000000 0.000000
$EndSHAPE3D
$PAD "1"
position  0.050000 -0.050000
size  0.055000  0.055000
drill  0.032000
shape_offset  0.000000  0.000000
orientation  0.00
Shape  Rect
Layer  all
$EndPAD
$PAD "2"
position -0.050000 -0.050000
size  0.055000  0.055000
drill  0.032000
shape_offset  0.000000  0.000000
orientation  0.00
Shape  Circ
Layer  all
$EndPAD
$PAD "3"
position -0.050000  0.050000
size  0.055000  0.055000
drill  0.032000
shape_offset  0.000000  0.000000
orientation  0.00
Shape  Circ
Layer  all
$EndPAD
$EndMODULE  Q

$MODULE "Q1_3"
reference "Q1_3"
value "BC337"
footprint "TO92"
attribut none
position  3.650000  3.550000
orientation  90.00
layer component
$SHAPE3D
Na "discret/to98.wrl"
Sc 1.000000 1.000000 1.000000
Of 0.000000 0.000000 0.000000
Ro 0.000000 0.000000 0.000000
$EndSHAPE3D
$PAD "1"
position  0.050000 -0.050000
size  0.055000  0.055000
drill  0.032000
shape_offset  0.000000  0.000000
orientation  0.00
Shape  Rect
Layer  all
$EndPAD
$PAD "2"
position -0.050000 -0.050000
size  0.055000  0.055000
drill  0.032000
shape_offset  0.000000  0.000000
orientation  0.00
Shape  Circ
Layer  all
$EndPAD
$PAD "3"
position -0.050000  0.050000
size  0.055000  0.055000
drill  0.032000
shape_offset  0.000000  0.000000
orientation  0.00
Shape  Circ
Layer  all
$EndPAD
$EndMODULE  Q

$MODULE "Q1_2"
reference "Q1_2"
value "BC337"
footprint "TO92"
attribut none
position  2.900000  3.550000
orientation  90.00
layer component
$SHAPE3D
Na "discret/to98.wrl"
Sc 1.000000 1.000000 1.000000
Of 0.000000 0.000000 0.000000
Ro 0.000000 0.000000 0.000000
$EndSHAPE3D
$PAD "1"
position  0.050000 -0.050000
size  0.055000  0.055000
drill  0.032000
shape_offset  0.000000  0.000000
orientation  0.00
Shape  Rect
Layer  all
$EndPAD
$PAD "2"
position -0.050000 -0.050000
size  0.055000  0.055000
drill  0.032000
shape_offset  0.000000  0.000000
orientation  0.00
Shape  Circ
Layer  all
$EndPAD
$PAD "3"
position -0.050000  0.050000
size  0.055000  0.055000
drill  0.032000
shape_offset  0.000000  0.000000
orientation  0.00
Shape  Circ
Layer  all
$EndPAD
$EndMODULE  Q

$MODULE "Q1_1"
reference "Q1_1"
value "BC337"
footprint "TO92"
attribut none
position  2.100000  3.450000
orientation  90.00
layer component
$SHAPE3D
Na "discret/to98.wrl"
Sc 1.000000 1.000000 1.000000
Of 0.000000 0.000000 0.000000
Ro 0.000000 0.000000 0.000000
$EndSHAPE3D
$PAD "1"
position  0.050000 -0.050000
size  0.055000  0.055000
drill  0.032000
shape_offset  0.000000  0.000000
orientation  0.00
Shape  Rect
Layer  all
$EndPAD
$PAD "2"
position -0.050000 -0.050000
size  0.055000  0.055000
drill  0.032000
shape_offset  0.000000  0.000000
orientation  0.00
Shape  Circ
Layer  all
$EndPAD
$PAD "3"
position -0.050000  0.050000
size  0.055000  0.055000
drill  0.032000
shape_offset  0.000000  0.000000
orientation  0.00
Shape  Circ
Layer  all
$EndPAD
$EndMODULE  Q

$LINE 
$EndLINE 
$LINE 
$EndLINE 
$LINE 
$EndLINE 
$LINE 
$EndLINE 
$EndDESCRIPTION
